"../../../../../Unreal Engine 4/EndlessRunner/Content/Mannequin/Character/Mesh/SK_Mannequin_Skeleton.uasset" 0
"../../../../../Unreal Engine 4/EndlessRunner/Content/Mannequin/Animations/ThirdPerson_Jump.uasset" 1
"../../../../../Unreal Engine 4/EndlessRunner/Content/Mannequin/Character/Mesh/SK_Mannequin_PhysicsAsset.uasset" 2
"../../../../../Unreal Engine 4/EndlessRunner/Content/MeshesandTextures/white.uasset" 3
"../../../../../Unreal Engine 4/EndlessRunner/Content/MeshesandTextures/mirror_Mat.uasset" 4
"../../../../../Unreal Engine 4/EndlessRunner/Content/MeshesandTextures/pipe.uasset" 5
"../../../../../Unreal Engine 4/EndlessRunner/Content/MeshesandTextures/pipe_Mat.uasset" 6
"../../../../../Unreal Engine 4/EndlessRunner/Content/MeshesandTextures/tile.uasset" 7
"../../../../../Unreal Engine 4/EndlessRunner/Content/MeshesandTextures/tile_Mat.uasset" 8
"../../../../../Unreal Engine 4/EndlessRunner/Content/MeshesandTextures/updatedtile.uasset" 9
"../../../../../Unreal Engine 4/EndlessRunner/Content/MeshesandTextures/updatedtile_Mat.uasset" 10
"../../../../../Unreal Engine 4/EndlessRunner/Content/MobileStarterContent/Materials/M_Basic_Wall.uasset" 11
"../../../../../Unreal Engine 4/EndlessRunner/Content/MobileStarterContent/Architecture/Pillar_50x500.uasset" 12
"../../../../../Unreal Engine 4/EndlessRunner/Content/MobileStarterContent/Architecture/Wall_400x300.uasset" 13
"../../../../../Unreal Engine 4/EndlessRunner/Content/MobileStarterContent/Architecture/Wall_400x400.uasset" 14
"../../../../../Unreal Engine 4/EndlessRunner/Content/MobileStarterContent/Architecture/Wall_500x500.uasset" 15
"../../../../../Unreal Engine 4/EndlessRunner/Content/MobileStarterContent/Architecture/Wall_Door_400x400.uasset" 16
"../../../../../Unreal Engine 4/EndlessRunner/Content/MobileStarterContent/Architecture/Wall_Window_400x400.uasset" 17
"../../../../../Unreal Engine 4/EndlessRunner/Content/MobileStarterContent/Audio/Light01.uasset" 18
"../../../../../Unreal Engine 4/EndlessRunner/Content/MobileStarterContent/Audio/Light01_Cue.uasset" 19
"../../../../../Unreal Engine 4/EndlessRunner/Content/MobileStarterContent/Audio/Light02.uasset" 20
"../../../../../Unreal Engine 4/EndlessRunner/Content/MobileStarterContent/Audio/Light02_Cue.uasset" 21
"../../../../../Unreal Engine 4/EndlessRunner/Content/MobileStarterContent/Audio/Steam01.uasset" 22
"../../../../../Unreal Engine 4/EndlessRunner/Content/MobileStarterContent/Audio/Steam01_Cue.uasset" 23
"../../../../../Unreal Engine 4/EndlessRunner/Content/MobileStarterContent/Audio/Explosion01.uasset" 24
"../../../../../Unreal Engine 4/EndlessRunner/Content/MobileStarterContent/Audio/Explosion02.uasset" 25
"../../../../../Unreal Engine 4/EndlessRunner/Content/MobileStarterContent/Audio/Explosion_Cue.uasset" 26
"../../../../../Unreal Engine 4/EndlessRunner/Content/MobileStarterContent/Textures/T_Burst_M.uasset" 27
"../../../../../Unreal Engine 4/EndlessRunner/Content/MobileStarterContent/Particles/Materials/M_Burst.uasset" 28
"../../../../../Unreal Engine 4/EndlessRunner/Content/MobileStarterContent/Textures/T_Explosion_SubUV.uasset" 29
"../../../../../Unreal Engine 4/EndlessRunner/Content/MobileStarterContent/Particles/Materials/M_explosion_subUV.uasset" 30
"../../../../../Unreal Engine 4/EndlessRunner/Content/MobileStarterContent/Particles/Materials/m_flare_01.uasset" 31
"../../../Engine/Content/Functions/Engine_MaterialFunctions01/Gradient/RadialGradient.uasset" 32
"../../../../../Unreal Engine 4/EndlessRunner/Content/MobileStarterContent/Particles/Materials/M_radial_ramp.uasset" 33
"../../../../../Unreal Engine 4/EndlessRunner/Content/MobileStarterContent/Textures/T_Smoke_SubUV.uasset" 34
"../../../../../Unreal Engine 4/EndlessRunner/Content/MobileStarterContent/Textures/T_Smoke_Tiled_D.uasset" 35
"../../../../../Unreal Engine 4/EndlessRunner/Content/MobileStarterContent/Particles/Materials/M_smoke_subUV.uasset" 36
"../../../../../Unreal Engine 4/EndlessRunner/Content/MobileStarterContent/Particles/P_Explosion.uasset" 37
"../../../../../Unreal Engine 4/EndlessRunner/Content/MobileStarterContent/Blueprints/Blueprint_Effect_Explosion.uasset" 38
"../../../../../Unreal Engine 4/EndlessRunner/Content/MobileStarterContent/Textures/T_Bush_D.uasset" 39
"../../../../../Unreal Engine 4/EndlessRunner/Content/MobileStarterContent/Textures/T_Bush_N.uasset" 40
"../../../../../Unreal Engine 4/EndlessRunner/Content/MobileStarterContent/Props/Materials/M_Bush.uasset" 41
"../../../../../Unreal Engine 4/EndlessRunner/Content/MobileStarterContent/Props/SM_Bush.uasset" 42
"../../../../../Unreal Engine 4/EndlessRunner/Content/MobileStarterContent/Textures/T_Chair_M.uasset" 43
"../../../../../Unreal Engine 4/EndlessRunner/Content/MobileStarterContent/Textures/T_Chair_N.uasset" 44
"../../../../../Unreal Engine 4/EndlessRunner/Content/MobileStarterContent/Props/Materials/M_Chair.uasset" 45
"../../../../../Unreal Engine 4/EndlessRunner/Content/MobileStarterContent/Props/SM_Couch.uasset" 46
"../../../../../Unreal Engine 4/EndlessRunner/Content/MobileStarterContent/Props/Materials/M_MaterialSphere.uasset" 47
"../../../../../Unreal Engine 4/EndlessRunner/Content/MobileStarterContent/Props/Materials/M_MaterialSphere_Plain.uasset" 48
"../../../../../Unreal Engine 4/EndlessRunner/Content/MobileStarterContent/Props/SM_MatPreviewMesh_02.uasset" 49
"../../../../../Unreal Engine 4/EndlessRunner/Content/MobileStarterContent/Textures/T_Rock_Basalt_D.uasset" 50
"../../../../../Unreal Engine 4/EndlessRunner/Content/MobileStarterContent/Textures/T_RockMesh_M.uasset" 51
"../../../../../Unreal Engine 4/EndlessRunner/Content/MobileStarterContent/Textures/T_RockMesh_N.uasset" 52
"../../../../../Unreal Engine 4/EndlessRunner/Content/MobileStarterContent/Props/Materials/M_Rock.uasset" 53
"../../../../../Unreal Engine 4/EndlessRunner/Content/MobileStarterContent/Props/SM_Rock.uasset" 54
"../../../../../Unreal Engine 4/EndlessRunner/Content/MobileStarterContent/Textures/T_Shelf_M.uasset" 55
"../../../../../Unreal Engine 4/EndlessRunner/Content/MobileStarterContent/Textures/T_Shelf_N.uasset" 56
"../../../../../Unreal Engine 4/EndlessRunner/Content/MobileStarterContent/Props/Materials/M_Shelf.uasset" 57
"../../../../../Unreal Engine 4/EndlessRunner/Content/MobileStarterContent/Props/SM_Shelf.uasset" 58
"../../../../../Unreal Engine 4/EndlessRunner/Content/MobileStarterContent/Props/SM_Stairs.uasset" 59
"../../../../../Unreal Engine 4/EndlessRunner/Content/MobileStarterContent/Shapes/Shape_Cone.uasset" 60
"../../../../../Unreal Engine 4/EndlessRunner/Content/MobileStarterContent/Shapes/Shape_Cylinder.uasset" 61
"../../../../../Unreal Engine 4/EndlessRunner/Content/MobileStarterContent/Shapes/Shape_NarrowCapsule.uasset" 62
"../../../../../Unreal Engine 4/EndlessRunner/Content/MobileStarterContent/Shapes/Shape_Pipe.uasset" 63
"../../../../../Unreal Engine 4/EndlessRunner/Content/MobileStarterContent/Shapes/Shape_Pipe_180.uasset" 64
"../../../../../Unreal Engine 4/EndlessRunner/Content/MobileStarterContent/Shapes/Shape_Pipe_90.uasset" 65
"../../../../../Unreal Engine 4/EndlessRunner/Content/MobileStarterContent/Shapes/Shape_Plane.uasset" 66
"../../../../../Unreal Engine 4/EndlessRunner/Content/MobileStarterContent/Shapes/Shape_Torus.uasset" 67
"../../../../../Unreal Engine 4/EndlessRunner/Content/MobileStarterContent/Shapes/Shape_Trim.uasset" 68
"../../../../../Unreal Engine 4/EndlessRunner/Content/MobileStarterContent/Shapes/Shape_Trim_90_In.uasset" 69
"../../../../../Unreal Engine 4/EndlessRunner/Content/MobileStarterContent/Shapes/Shape_Trim_90_Out.uasset" 70
"../../../../../Unreal Engine 4/EndlessRunner/Content/MobileStarterContent/Shapes/Shape_TriPyramid.uasset" 71
"../../../../../Unreal Engine 4/EndlessRunner/Content/MobileStarterContent/Shapes/Shape_Tube.uasset" 72
"../../../../../Unreal Engine 4/EndlessRunner/Content/MobileStarterContent/Shapes/Shape_Wedge_A.uasset" 73
"../../../../../Unreal Engine 4/EndlessRunner/Content/MobileStarterContent/Shapes/Shape_Wedge_B.uasset" 74
"../../../../../Unreal Engine 4/EndlessRunner/Content/MobileStarterContent/Shapes/Shape_WideCapsule.uasset" 75
"../../../../../Unreal Engine 4/EndlessRunner/Content/MobileStarterContent/Textures/T_CobbleStone_Pebble_M.uasset" 76
"../../../../../Unreal Engine 4/EndlessRunner/Content/MobileStarterContent/Textures/T_Concrete_Tiles_Variation_M.uasset" 77
"../../../../../Unreal Engine 4/EndlessRunner/Content/MobileStarterContent/Textures/T_Detail_Rocky_N.uasset" 78
"../../../../../Unreal Engine 4/EndlessRunner/Content/MobileStarterContent/Textures/T_Gradinet_01.uasset" 79
"../../../../../Unreal Engine 4/EndlessRunner/Content/MobileStarterContent/Textures/T_Perlin_Noise_M.uasset" 80
"../../../../../Unreal Engine 4/EndlessRunner/Content/MobileStarterContent/Textures/T_Rock_Smooth_Granite_D.uasset" 81
"../../../../../Unreal Engine 4/EndlessRunner/Content/M_Orzelek_Assets/Textures/Free/Glass/T_Glass_shattered_mask.uasset" 82
"../../../../../Unreal Engine 4/EndlessRunner/Content/M_Orzelek_Assets/Textures/Free/Glass/T_Glass_shattered_N.uasset" 83
"../../../../../Unreal Engine 4/EndlessRunner/Content/M_Orzelek_Assets/Materials/Free/Glass/M_GlassShattered_Master.uasset" 84
"../../../../../Unreal Engine 4/EndlessRunner/Content/M_Orzelek_Assets/Textures/Free/Glass/T_Glass_shattered2_mask.uasset" 85
"../../../../../Unreal Engine 4/EndlessRunner/Content/M_Orzelek_Assets/Textures/Free/Glass/T_Glass_shattered2_norm.uasset" 86
"../../../../../Unreal Engine 4/EndlessRunner/Content/M_Orzelek_Assets/Materials/Free/Glass/M_GlassShattered_2.uasset" 87
"../../../../../Unreal Engine 4/EndlessRunner/Content/M_Orzelek_Assets/Textures/Free/Glass/T_Glass_dirtMask.uasset" 88
"../../../../../Unreal Engine 4/EndlessRunner/Content/M_Orzelek_Assets/Textures/Free/Other/T_SmallBump_N.uasset" 89
"../../../../../Unreal Engine 4/EndlessRunner/Content/M_Orzelek_Assets/Materials/Free/Glass/M_Glass_Master.uasset" 90
"../../../../../Unreal Engine 4/EndlessRunner/Content/M_Orzelek_Assets/Materials/Free/Glass/M_Glass_Blue.uasset" 91
"../../../../../Unreal Engine 4/EndlessRunner/Content/M_Orzelek_Assets/Materials/Free/Glass/M_Glass_Clean.uasset" 92
"../../../../../Unreal Engine 4/EndlessRunner/Content/M_Orzelek_Assets/Materials/Free/Glass/M_Glass_Dirty.uasset" 93
"../../../../../Unreal Engine 4/EndlessRunner/Content/M_Orzelek_Assets/Materials/Free/Glass/M_Glass_Milky.uasset" 94
"../../../../../Unreal Engine 4/EndlessRunner/Content/M_Orzelek_Assets/Materials/Free/Glass/M_Glass_Red.uasset" 95
"../../../Engine/Content/Functions/Engine_MaterialFunctions01/Opacity/CameraDepthFade.uasset" 96
"../../../Engine/Content/EngineMaterials/T_Default_Material_Grid_M.uasset" 97
"../../../Engine/Content/EngineMaterials/T_Default_Material_Grid_N.uasset" 98
"../../../Engine/Content/EngineMaterials/DefaultMaterial.uasset" 99
"../../../Engine/Content/BasicShapes/Cylinder.uasset" 100
"../../../Engine/Content/EngineMaterials/WorldGridMaterial.uasset" 101
"../../../Engine/Content/BasicShapes/Plane.uasset" 102
"../../../Engine/Content/EditorLandscapeResources/DataLayer.uasset" 103
"../../../Engine/Content/EditorMaterials/GizmoMaterial.uasset" 104
"../../../Engine/Content/EditorMaterials/MAT_Groups_Toggle.uasset" 105
"../../../Engine/Content/EditorMaterials/MAT_Groups_Visibility.uasset" 106
"../../../Engine/Content/EditorMaterials/PreviewShadowIndicator.uasset" 107
"../../../Engine/Content/EditorMaterials/PreviewShadowIndicatorMaterial.uasset" 108
"../../../Engine/Content/EditorMaterials/MatineeGroups/MAT_ColorTrack.uasset" 109
"../../../Engine/Content/EditorMaterials/MatineeGroups/MAT_Groups_Anim.uasset" 110
"../../../Engine/Content/EditorMaterials/MatineeGroups/MAT_Groups_AudioMaster.uasset" 111
"../../../Engine/Content/EditorMaterials/MatineeGroups/MAT_Groups_Director.uasset" 112
"../../../Engine/Content/EditorMaterials/MatineeGroups/MAT_Groups_Event.uasset" 113
"../../../Engine/Content/EditorMaterials/MatineeGroups/MAT_Groups_Fade.uasset" 114
"../../../Engine/Content/EditorMaterials/MatineeGroups/MAT_Groups_Float.uasset" 115
"../../../Engine/Content/EditorMaterials/MatineeGroups/MAT_Groups_Move.uasset" 116
"../../../Engine/Content/EditorMaterials/MatineeGroups/MAT_Groups_Slomo.uasset" 117
"../../../Engine/Content/EditorMaterials/MatineeGroups/MAT_Groups_Sound.uasset" 118
"../../../Engine/Content/EditorMaterials/MatineeGroups/MAT_Groups_Vector.uasset" 119
"../../../Engine/Content/EditorMaterials/ParticleSystems/PSysThumbnail_NoImage.uasset" 120
"../../../Engine/Content/EditorMaterials/ParticleSystems/PSysThumbnail_OOD.uasset" 121
"../../../Engine/Content/EditorMaterials/Camera/CineMat.uasset" 122
"../../../Engine/Content/EditorMaterials/Camera/MI_CineMat_Rig.uasset" 123
"../../../Engine/Content/EditorMeshes/Camera/SM_CraneRig_Arm.uasset" 124
"../../../Engine/Content/EditorMeshes/Camera/SM_CraneRig_Base.uasset" 125
"../../../Engine/Content/EditorMeshes/Camera/SM_CraneRig_Body.uasset" 126
"../../../Engine/Content/EditorMeshes/Camera/SM_CraneRig_Mount.uasset" 127
"../../../Engine/Content/EditorMeshes/Camera/SM_RailRig_Mount.uasset" 128
"../../../Engine/Content/EditorMeshes/Camera/SM_RailRig_Track.uasset" 129
"../../../Engine/Content/EditorMeshes/ColorCalibrator/M_ChromeBall.uasset" 130
"../../../Engine/Content/EditorMeshes/ColorCalibrator/M_ClearCoat.uasset" 131
"../../../Engine/Content/EditorMeshes/ColorCalibrator/M_ClearCoatBlack.uasset" 132
"../../../Engine/Content/EditorMeshes/ColorCalibrator/Color_checker.uasset" 133
"../../../Engine/Content/EditorMeshes/ColorCalibrator/M_ColorGrid.uasset" 134
"../../../Engine/Content/EditorMeshes/ColorCalibrator/M_GreyBall.uasset" 135
"../../../Engine/Content/EditorMeshes/ColorCalibrator/SM_ColorCalibrator.uasset" 136
"../../../Engine/Content/EditorResources/BSPVertex.uasset" 137
"../../../Engine/Content/EditorResources/EmptyActor.uasset" 138
"../../../Engine/Content/EditorResources/S_Actor.uasset" 139
"../../../Engine/Content/EditorResources/S_Trigger.uasset" 140
"../../../Engine/Content/EditorResources/AudioIcons/S_AudioComponent.uasset" 141
"../../../Engine/Content/EditorResources/AudioIcons/S_AudioComponent_AutoActivate.uasset" 142
"../../../Engine/Content/EditorResources/LightIcons/S_LightError.uasset" 143
"../../../Engine/Content/EditorResources/SequenceRecorder/Countdown.uasset" 144
"../../../Engine/Content/EditorResources/SequenceRecorder/RecordingIndicator.uasset" 145
"../../../Engine/Content/EditorSounds/Notifications/CompileFailed.uasset" 146
"../../../Engine/Content/EditorSounds/Notifications/CompileFailed_Cue.uasset" 147
"../../../Engine/Content/EditorSounds/Notifications/CompileSuccess.uasset" 148
"../../../Engine/Content/EditorSounds/Notifications/CompileStart_Cue.uasset" 149
"../../../Engine/Content/EditorSounds/Notifications/CompileSuccess_Cue.uasset" 150
"../../../Engine/Content/EngineDamageTypes/DmgTypeBP_Environmental.uasset" 151
"../../../Engine/Content/EngineDebugMaterials/HeatmapGradient.uasset" 152
"../../../Engine/Content/EngineDebugMaterials/BoneWeightMaterial.uasset" 153
"../../../Engine/Content/EngineDebugMaterials/ClothMaterial.uasset" 154
"../../../Engine/Content/EngineDebugMaterials/ClothMaterial_WF.uasset" 155
"../../../Engine/Content/EngineDebugMaterials/DebugEditorMaterial.uasset" 156
"../../../Engine/Content/EngineDebugMaterials/DebugMeshMaterial.uasset" 157
"../../../Engine/Content/EngineDebugMaterials/GeomMaterial.uasset" 158
"../../../Engine/Content/EngineFonts/Faces/RobotoBold.uasset" 159
"../../../Engine/Content/EngineFonts/Faces/RobotoBoldItalic.uasset" 160
"../../../Engine/Content/EngineFonts/Faces/RobotoItalic.uasset" 161
"../../../Engine/Content/EngineFonts/Faces/RobotoLight.uasset" 162
"../../../Engine/Content/EngineFonts/Faces/RobotoRegular.uasset" 163
"../../../Engine/Content/EngineFonts/Roboto.uasset" 164
"../../../Engine/Content/EngineMaterials/DefaultBloomKernel.uasset" 165
"../../../Engine/Content/EngineMaterials/DefaultBokeh.uasset" 166
"../../../Engine/Content/EngineMaterials/DefaultDiffuse.uasset" 167
"../../../Engine/Content/EngineMaterials/DefaultDeferredDecalMaterial.uasset" 168
"../../../Engine/Content/EngineMaterials/DefaultLightFunctionMaterial.uasset" 169
"../../../Engine/Content/EngineMaterials/DefaultPhysicalMaterial.uasset" 170
"../../../Engine/Content/Functions/Engine_MaterialFunctions02/Utility/BreakOutFloat2Components.uasset" 171
"../../../Engine/Content/EngineMaterials/DefaultPostProcessMaterial.uasset" 172
"../../../Engine/Content/EngineFonts/RobotoDistanceField.uasset" 173
"../../../Engine/Content/EngineMaterials/DefaultTextMaterialOpaque.uasset" 174
"../../../Engine/Content/EngineMaterials/DefaultWhiteGrid.uasset" 175
"../../../Engine/Content/EngineMaterials/EditorBrushMaterial.uasset" 176
"../../../Engine/Content/EngineMaterials/Good64x64TilingNoiseHighFreq.uasset" 177
"../../../Engine/Content/EngineMaterials/MiniFont.uasset" 178
"../../../Engine/Content/EngineMaterials/InvalidLightmapSettings.uasset" 179
"../../../Engine/Content/EngineMaterials/M_InvalidLightmapSettings.uasset" 180
"../../../Engine/Content/Functions/Engine_MaterialFunctions02/WorldPositionOffset/CameraOffset.uasset" 181
"../../../Engine/Content/EngineMaterials/PhAT_JointLimitMaterial.uasset" 182
"../../../Engine/Content/EngineMaterials/PreintegratedSkinBRDF.uasset" 183
"../../../Engine/Content/EngineMaterials/RemoveSurfaceMaterial.uasset" 184
"../../../Engine/Content/EngineMaterials/WeightMapPlaceholderTexture.uasset" 185
"../../../Engine/Content/EngineResources/WhiteSquareTexture.uasset" 186
"../../../Engine/Content/EngineMaterials/Widget3DPassThrough.uasset" 187
"../../../Engine/Content/EngineMaterials/Widget3DPassThrough_Masked.uasset" 188
"../../../Engine/Content/EngineMaterials/Widget3DPassThrough_Opaque.uasset" 189
"../../../Engine/Content/EngineMaterials/Widget3DPassThrough_Masked_OneSided.uasset" 190
"../../../Engine/Content/EngineMaterials/Widget3DPassThrough_Opaque_OneSided.uasset" 191
"../../../Engine/Content/EngineMaterials/Widget3DPassThrough_Translucent.uasset" 192
"../../../Engine/Content/EngineMaterials/Widget3DPassThrough_Translucent_OneSided.uasset" 193
"../../../Engine/Content/EngineMeshes/Cube.uasset" 194
"../../../Engine/Content/EngineMeshes/Cylinder.uasset" 195
"../../../Engine/Content/EngineMeshes/Sphere.uasset" 196
"../../../Engine/Content/EngineResources/Black.uasset" 197
"../../../Engine/Content/EngineResources/DefaultTexture.uasset" 198
"../../../Engine/Content/EngineResources/DefaultTextureCube.uasset" 199
"../../../Engine/Content/EngineResources/GradientTexture0.uasset" 200
"../../../Engine/Content/EngineSounds/Master.uasset" 201
"../../../Engine/Content/Functions/Engine_MaterialFunctions01/Shading/ConvertFromDiffSpec.uasset" 202
"../../../Engine/Content/Functions/Engine_MaterialFunctions01/Shading/PowerToRoughness.uasset" 203
"../../../Engine/Content/Maps/Templates/Thumbnails/Default.uasset" 204
"../../../Engine/Content/Maps/Templates/Thumbnails/VR-Basic.uasset" 205
"../../../Engine/Content/MobileResources/T_MobileControls_texture.uasset" 206
"../../../Engine/Content/MobileResources/T_MobileMenu2.uasset" 207
"../../../Engine/Content/MobileResources/HUD/AnalogHat.uasset" 208
"../../../Engine/Content/MobileResources/HUD/VirtualJoystick_Background.uasset" 209
"../../../Engine/Content/MobileResources/HUD/VirtualJoystick_Thumb.uasset" 210
"../../../Engine/Content/MobileResources/HUD/DefaultVirtualJoysticks.uasset" 211
"../../../Engine/Content/MobileResources/HUD/LeftVirtualJoystickOnly.uasset" 212
"../../../Engine/Content/MobileResources/HUD/MobileHUDButton1_off.uasset" 213
"../../../Engine/Content/MobileResources/HUD/MobileHUDButton1_on.uasset" 214
"../../../Engine/Content/MobileResources/HUD/MobileHUDButton2_off.uasset" 215
"../../../Engine/Content/MobileResources/HUD/MobileHUDButton2_on.uasset" 216
"../../../Engine/Content/MobileResources/HUD/MobileHUDButton3.uasset" 217
"../../../Engine/Content/MobileResources/HUD/MobileHUDButtonFire.uasset" 218
"../../../Engine/Content/MobileResources/HUD/MobileHUDDirectionPad.uasset" 219
"../../../Engine/Content/MobileResources/HUD/MobileHUDDirectionPad2.uasset" 220
"../../../Engine/Content/MobileResources/HUD/MobileHUDDirectionPad3.uasset" 221
"../../../Engine/Content/MobileResources/HUD/MobileHUDDirectionStick.uasset" 222
"../../../Engine/Content/MobileResources/HUD/T_Castle_ThumbstickInner.uasset" 223
"../../../Engine/Content/MobileResources/HUD/T_Castle_ThumbstickOutter.uasset" 224
"../../../Engine/Content/Tutorial/ContentIntroCurve.uasset" 225
"../../../Engine/Content/Tutorial/Basics/TutorialAssets/icon_tab_Levels_40x.uasset" 226
"../../../Engine/Content/Tutorial/BlueprintTutorials/TutorialAssets/BlueprintInterface_64x.uasset" 227
"../../../Engine/Content/Tutorial/BlueprintTutorials/TutorialAssets/BlueprintMacroLibrary_64x.uasset" 228
"../../../Engine/Content/Tutorial/BlueprintTutorials/TutorialAssets/Blueprint_64x.uasset" 229
"../../../Engine/Content/Tutorial/BlueprintTutorials/TutorialAssets/Tutorial_BP_Interface.uasset" 230
"../../../Engine/Content/Tutorial/Foliage/TutorialAssets/Foliage.uasset" 231
"../../../Engine/Content/Tutorial/Landscape/TutorialAssets/Landscape.uasset" 232
"../../../Engine/Content/Tutorial/Mobile/TutorialAssets/android_Icon.uasset" 233
"../../../Engine/Content/Tutorial/Mobile/TutorialAssets/IOS.uasset" 234
"../../../Engine/Content/Tutorial/Paper2D/TutorialAssets/Paper2DFlipbook_TutorialIcon.uasset" 235
"../../../Engine/Content/Tutorial/Paper2D/TutorialAssets/Paper2DSprite_TutorialIcon.uasset" 236
"../../../Engine/Content/Tutorial/SubEditors/TutorialAssets/icon_Editor_Preferences_General_40x.uasset" 237
"../../../Engine/Content/Tutorial/SubEditors/TutorialAssets/icon_ShowSkeletalMeshes_40x.uasset" 238
"../../../Engine/Content/Tutorial/SubEditors/TutorialAssets/TutorialMaterial.uasset" 239
"../../../Engine/Content/Tutorial/SubEditors/TutorialAssets/T_SmokeSubUV_8X8.uasset" 240
"../../../Engine/Content/Tutorial/SubEditors/TutorialAssets/T_soft_smoke.uasset" 241
"../../../Engine/Content/Tutorial/SubEditors/TutorialAssets/M_smoke_subUV_blackbody.uasset" 242
"../../../Engine/Content/Tutorial/SubEditors/TutorialAssets/TutorialParticleSystem.uasset" 243
"../../../Engine/Content/VREditor/Devices/Generic/GenericHMDMaterial.uasset" 244
"../../../Engine/Content/VREditor/Devices/Generic/GenericHMD.uasset" 245
"../../../Engine/Content/Functions/Engine_MaterialFunctions02/Utility/BreakOutFloat3Components.uasset" 246
"../../../Engine/Content/VREditor/Devices/Vive/VivePreController_MasksB.uasset" 247
"../../../Engine/Content/VREditor/Devices/Oculus/OculusControllerMaterial.uasset" 248
"../../../Engine/Content/VREditor/Devices/Oculus/OculusControllerMaterial_Inst.uasset" 249
"../../../Engine/Content/VREditor/Devices/Oculus/OculusControllerMesh.uasset" 250
"../../../Engine/Content/VREditor/Devices/Vive/T_VivePreController_EM.uasset" 251
"../../../Engine/Content/VREditor/Devices/Vive/VivePreController_MasksA.uasset" 252
"../../../Engine/Content/VREditor/Devices/Vive/VivePreControllerDiffuse.uasset" 253
"../../../Engine/Content/VREditor/Devices/Vive/VivePreControllerSpec.uasset" 254
"../../../Engine/Content/VREditor/LaserPointer/VR_LaserPower_01.uasset" 255
"../../../Engine/Content/VREditor/Devices/Vive/VivePreControllerMaterial.uasset" 256
"../../../Engine/Content/VREditor/Devices/Vive/VivePreControllerMaterial_Inst.uasset" 257
"../../../Engine/Content/VREditor/Devices/Vive/VivePreControllerMesh.uasset" 258
"../../../Engine/Content/VREditor/FloatingText/LineMaterial.uasset" 259
"../../../Engine/Content/VREditor/FloatingText/JointSphere.uasset" 260
"../../../Engine/Content/VREditor/FloatingText/LineSegmentCylinder.uasset" 261
"../../../Engine/Content/VREditor/Fonts/VRText_RobotoLarge.uasset" 262
"../../../Engine/Content/VREditor/Fonts/VRTextMaterial.uasset" 263
"../../../Engine/Content/VREditor/Fonts/TranslucentVRTextMaterial.uasset" 264
"../../../Engine/Content/VREditor/LaserPointer/CursorPointer.uasset" 265
"../../../Engine/Content/VREditor/TransformGizmo/TransformGizmoMaterial.uasset" 266
"../../../Engine/Content/VREditor/LaserPointer/HoverMaterial.uasset" 267
"../../../Engine/Content/VREditor/TransformGizmo/TranslucentTransformGizmoMaterial.uasset" 268
"../../../Engine/Content/VREditor/LaserPointer/TranslucentHoverMaterial.uasset" 269
"../../../Engine/Content/VREditor/LaserPointer/HoverMesh.uasset" 270
"../../../Engine/Content/VREditor/LaserPointer/LaserPointerMaterial.uasset" 271
"../../../Engine/Content/VREditor/LaserPointer/LaserPointerMaterialInst.uasset" 272
"../../../Engine/Content/VREditor/LaserPointer/TranslucentLaserPointerMaterialInst.uasset" 273
"../../../Engine/Content/VREditor/LaserPointer/LaserPointerMesh.uasset" 274
"../../../Engine/Content/VREditor/LaserPointer/LaserPointerMesh_End.uasset" 275
"../../../Engine/Content/VREditor/LaserPointer/LaserPointerMesh_Start.uasset" 276
"../../../Engine/Content/VREditor/Sounds/VR_teleport.uasset" 277
"../../../Engine/Content/VREditor/Sounds/UI/Click_on_Button.uasset" 278
"../../../Engine/Content/VREditor/Sounds/UI/Click_on_Button_Cue.uasset" 279
"../../../Engine/Content/VREditor/Sounds/UI/Dockable_Window_Close.uasset" 280
"../../../Engine/Content/VREditor/Sounds/UI/Dockable_Window_Drop.uasset" 281
"../../../Engine/Content/VREditor/Sounds/UI/Dockable_Window_Open.uasset" 282
"../../../Engine/Content/VREditor/Sounds/UI/Dockable_Window_Pick_Up.uasset" 283
"../../../Engine/Content/VREditor/Sounds/UI/Drop_Item_From_ContentBrowser.uasset" 284
"../../../Engine/Content/VREditor/Sounds/UI/Floating_UI_Open-001.uasset" 285
"../../../Engine/Content/VREditor/Sounds/UI/Radial_Menu_FadeOut.uasset" 286
"../../../Engine/Content/VREditor/Sounds/UI/Teleport_Mode_Entered.uasset" 287
"../../../Engine/Content/VREditor/Teleport/TeleportDirectionMaterial.uasset" 288
"../../../Engine/Content/VREditor/Teleport/TeleportDirectionMaterial_Inst.uasset" 289
"../../../Engine/Content/VREditor/Teleport/TeleportDirectionMesh.uasset" 290
"../../../Engine/Content/VREditor/TransformGizmo/BoundingBoxCorner.uasset" 291
"../../../Engine/Content/VREditor/TransformGizmo/BoundingBoxEdge.uasset" 292
"../../../Engine/Content/VREditor/TransformGizmo/PlaneTranslationHandle.uasset" 293
"../../../Engine/Content/VREditor/TransformGizmo/Main.uasset" 294
"../../../Engine/Content/VREditor/TransformGizmo/Xray.uasset" 295
"../../../Engine/Content/VREditor/TransformGizmo/SM_Dialog_Close.uasset" 296
"../../../Engine/Content/VREditor/TransformGizmo/SM_Dialog_Move.uasset" 297
"../../../Engine/Content/VREditor/TransformGizmo/SM_Sequencer_Key.uasset" 298
"../../../Engine/Content/VREditor/TransformGizmo/SM_Sequencer_Node.uasset" 299
"../../../Engine/Content/VREditor/TransformGizmo/TransformGizmoMaterial_Inst.uasset" 300
"../../../Engine/Content/VREditor/TransformGizmo/TranslucentTransformGizmoMaterial_Inst.uasset" 301
"../../../Engine/Content/VREditor/Devices/Vive/UE4_Logo.uasset" 302
"../../../Engine/Content/VREditor/UI/M_ContentWindow.uasset" 303
"../../../Engine/Content/VREditor/UI/SM_ContentWindow_01.uasset" 304
"../../../Engine/Content/VREditor/UI/KeyDiskMaterial.uasset" 305
"../../../Engine/Content/VREditor/UI/DiscMaterial.uasset" 306
"../../../Engine/Content/VREditor/UI/SM_Radial_Disk.uasset" 307
"../../../Engine/Content/VREditor/UI/ArrowMaterial.uasset" 308
"../../../Engine/Content/VREditor/UI/SM_Radial_Pointer.uasset" 309
"../../../Engine/Content/VREditor/WorldMovementGrid/SimpleGrid.uasset" 310
"../../../Engine/Content/VREditor/WorldMovementGrid/GridMaterial.uasset" 311
"../../../Engine/Content/Functions/Engine_MaterialFunctions01/Density/ExponentialDensity.uasset" 312
"../../../Engine/Content/VREditor/WorldMovementGrid/GridPostProcess.uasset" 313
"../../../Engine/Content/EditorLandscapeResources/FlattenHeightMat.uasset" 314
"../../../Engine/Content/VREditor/WorldMovementGrid/PlaneMesh.uasset" 315
"../../Plugins/2D/Paper2D/Content/PlaceholderTextures/DummySpriteTexture.uasset" 316
"../../Plugins/2D/Paper2D/Content/DummySprite.uasset" 317
"../../Plugins/2D/Paper2D/Content/DefaultPaperTerrainMaterial.uasset" 318
"../../Plugins/2D/Paper2D/Content/DefaultSpriteMaterial.uasset" 319
"../../Plugins/2D/Paper2D/Content/MaskedUnlitSpriteMaterial.uasset" 320
"../../Plugins/2D/Paper2D/Content/OpaqueUnlitSpriteMaterial.uasset" 321
"../../Plugins/Media/MediaCompositing/Content/DefaultMediaPlaneTexture.uasset" 322
"../../Plugins/Media/MediaCompositing/Content/DefaultMediaPlaneMaterial.uasset" 323
"../../../Engine/Content/Functions/Engine_MaterialFunctions02/Utility/MakeFloat4.uasset" 324
"../../Plugins/Runtime/AppleARKit/Content/ARKitCameraMaterial.uasset" 325
"../../Plugins/Runtime/Oculus/OculusVR/Content/Textures/GearVRController_AO.uasset" 326
"../../Plugins/Runtime/Oculus/OculusVR/Content/Textures/GearVRController_Color.uasset" 327
"../../Plugins/Runtime/Oculus/OculusVR/Content/Textures/GearVRController_Normal.uasset" 328
"../../Plugins/Runtime/Oculus/OculusVR/Content/Materials/GearVRControllerMaterial.uasset" 329
"../../Plugins/Runtime/Oculus/OculusVR/Content/Meshes/GearVrController.uasset" 330
"../../../Engine/Content/EditorBlueprintResources/StandardMacros.uasset" 331
"../../../Engine/Content/EngineSky/C_Sky_Cloud_Color.uasset" 332
"../../../Engine/Content/EngineSky/C_Sky_Horizon_Color.uasset" 333
"../../../Engine/Content/EngineSky/C_Sky_Zenith_Color.uasset" 334
"../../../Engine/Content/EngineSky/T_Sky_Blue.uasset" 335
"../../../Engine/Content/EngineSky/T_Sky_Clouds_M.uasset" 336
"../../../Engine/Content/EngineSky/T_Sky_Stars.uasset" 337
"../../../Engine/Content/EngineSky/M_Sky_Panning_Clouds2.uasset" 338
"../../../Engine/Content/EngineSky/SM_SkySphere.uasset" 339
"../../../Engine/Content/EngineSky/BP_Sky_Sphere.uasset" 340
"../../../../../Unreal Engine 4/EndlessRunner/Content/EndlessRunnerMap_BuiltData.uasset" 341
"../../../../../Unreal Engine 4/EndlessRunner/Content/EndlessRunnerMap.umap" 342
"../../../../../Unreal Engine 4/EndlessRunner/Content/MobileStarterContent/Maps/Minimal_Default_BuiltData.uasset" 343
"../../../../../Unreal Engine 4/EndlessRunner/Content/MobileStarterContent/Materials/M_Basic_Floor.uasset" 344
"../../../../../Unreal Engine 4/EndlessRunner/Content/MobileStarterContent/Architecture/Floor_400x400.uasset" 345
"../../../../../Unreal Engine 4/EndlessRunner/Content/MobileStarterContent/Props/SM_Chair.uasset" 346
"../../../../../Unreal Engine 4/EndlessRunner/Content/MobileStarterContent/Textures/T_Statue_M.uasset" 347
"../../../../../Unreal Engine 4/EndlessRunner/Content/MobileStarterContent/Textures/T_Statue_N.uasset" 348
"../../../../../Unreal Engine 4/EndlessRunner/Content/MobileStarterContent/Props/Materials/M_Statue.uasset" 349
"../../../../../Unreal Engine 4/EndlessRunner/Content/MobileStarterContent/Props/Materials/M_StatueGlass.uasset" 350
"../../../../../Unreal Engine 4/EndlessRunner/Content/MobileStarterContent/Props/SM_Statue.uasset" 351
"../../../../../Unreal Engine 4/EndlessRunner/Content/MobileStarterContent/Textures/T_TableRound_M.uasset" 352
"../../../../../Unreal Engine 4/EndlessRunner/Content/MobileStarterContent/Textures/T_TableRound_N.uasset" 353
"../../../../../Unreal Engine 4/EndlessRunner/Content/MobileStarterContent/Props/Materials/M_TableRound.uasset" 354
"../../../../../Unreal Engine 4/EndlessRunner/Content/MobileStarterContent/Props/SM_TableRound.uasset" 355
"../../../../../Unreal Engine 4/EndlessRunner/Content/MobileStarterContent/Maps/Minimal_Default.umap" 356
"../../../../../Unreal Engine 4/EndlessRunner/Content/MobileStarterContent/Audio/Fire01.uasset" 357
"../../../../../Unreal Engine 4/EndlessRunner/Content/MobileStarterContent/Audio/Fire01_Cue.uasset" 358
"../../../../../Unreal Engine 4/EndlessRunner/Content/MobileStarterContent/Textures/T_Fire_SubUV.uasset" 359
"../../../../../Unreal Engine 4/EndlessRunner/Content/MobileStarterContent/Textures/T_Fire_Tiled_D.uasset" 360
"../../../../../Unreal Engine 4/EndlessRunner/Content/MobileStarterContent/Particles/Materials/M_Fire_SubUV.uasset" 361
"../../../../../Unreal Engine 4/EndlessRunner/Content/MobileStarterContent/Particles/Materials/M_Radial_Gradient.uasset" 362
"../../../../../Unreal Engine 4/EndlessRunner/Content/MobileStarterContent/Particles/P_Fire.uasset" 363
"../../../../../Unreal Engine 4/EndlessRunner/Content/MobileStarterContent/Blueprints/Blueprint_Effect_Fire.uasset" 364
"../../../../../Unreal Engine 4/EndlessRunner/Content/MobileStarterContent/Audio/Smoke01.uasset" 365
"../../../../../Unreal Engine 4/EndlessRunner/Content/MobileStarterContent/Audio/Smoke01_Cue.uasset" 366
"../../../../../Unreal Engine 4/EndlessRunner/Content/MobileStarterContent/Particles/P_Smoke.uasset" 367
"../../../../../Unreal Engine 4/EndlessRunner/Content/MobileStarterContent/Blueprints/Blueprint_Effect_Smoke.uasset" 368
"../../../../../Unreal Engine 4/EndlessRunner/Content/MobileStarterContent/Audio/Fire_Sparks01.uasset" 369
"../../../../../Unreal Engine 4/EndlessRunner/Content/MobileStarterContent/Audio/Fire_Sparks01_Cue.uasset" 370
"../../../../../Unreal Engine 4/EndlessRunner/Content/MobileStarterContent/Textures/T_Spark_Core.uasset" 371
"../../../../../Unreal Engine 4/EndlessRunner/Content/MobileStarterContent/Particles/Materials/M_Spark.uasset" 372
"../../../../../Unreal Engine 4/EndlessRunner/Content/MobileStarterContent/Particles/P_Sparks.uasset" 373
"../../../../../Unreal Engine 4/EndlessRunner/Content/MobileStarterContent/Blueprints/Blueprint_Effect_Sparks.uasset" 374
"../../../../../Unreal Engine 4/EndlessRunner/Content/MobileStarterContent/Textures/T_Lamp_M.uasset" 375
"../../../../../Unreal Engine 4/EndlessRunner/Content/MobileStarterContent/Textures/T_Lamp_N.uasset" 376
"../../../../../Unreal Engine 4/EndlessRunner/Content/MobileStarterContent/Props/Materials/M_Lamp.uasset" 377
"../../../../../Unreal Engine 4/EndlessRunner/Content/MobileStarterContent/Props/SM_Lamp_Ceiling.uasset" 378
"../../../../../Unreal Engine 4/EndlessRunner/Content/MobileStarterContent/Blueprints/Blueprint_CeilingLight.uasset" 379
"../../../../../Unreal Engine 4/EndlessRunner/Content/MobileStarterContent/Props/SM_Lamp_Wall.uasset" 380
"../../../../../Unreal Engine 4/EndlessRunner/Content/MobileStarterContent/Blueprints/Blueprint_WallSconce.uasset" 381
"../../../../../Unreal Engine 4/EndlessRunner/Content/MobileStarterContent/Maps/StarterMap_BuiltData.uasset" 382
"../../../../../Unreal Engine 4/EndlessRunner/Content/MobileStarterContent/Textures/T_Brick_Clay_Beveled_D.uasset" 383
"../../../../../Unreal Engine 4/EndlessRunner/Content/MobileStarterContent/Textures/T_Brick_Clay_Beveled_M.uasset" 384
"../../../../../Unreal Engine 4/EndlessRunner/Content/MobileStarterContent/Textures/T_Brick_Clay_Beveled_N.uasset" 385
"../../../../../Unreal Engine 4/EndlessRunner/Content/MobileStarterContent/Materials/M_Brick_Clay_Beveled.uasset" 386
"../../../../../Unreal Engine 4/EndlessRunner/Content/MobileStarterContent/Textures/T_Brick_Clay_New_D.uasset" 387
"../../../../../Unreal Engine 4/EndlessRunner/Content/MobileStarterContent/Textures/T_Brick_Clay_New_M.uasset" 388
"../../../../../Unreal Engine 4/EndlessRunner/Content/MobileStarterContent/Textures/T_Brick_Clay_New_N.uasset" 389
"../../../../../Unreal Engine 4/EndlessRunner/Content/MobileStarterContent/Materials/M_Brick_Clay_New.uasset" 390
"../../../../../Unreal Engine 4/EndlessRunner/Content/MobileStarterContent/Textures/T_Brick_Clay_Old_D.uasset" 391
"../../../../../Unreal Engine 4/EndlessRunner/Content/MobileStarterContent/Textures/T_Brick_Clay_Old_N.uasset" 392
"../../../../../Unreal Engine 4/EndlessRunner/Content/MobileStarterContent/Materials/M_Brick_Clay_Old.uasset" 393
"../../../../../Unreal Engine 4/EndlessRunner/Content/MobileStarterContent/Textures/T_Brick_Cut_Stone_D.uasset" 394
"../../../../../Unreal Engine 4/EndlessRunner/Content/MobileStarterContent/Textures/T_Brick_Cut_Stone_N.uasset" 395
"../../../../../Unreal Engine 4/EndlessRunner/Content/MobileStarterContent/Materials/M_Brick_Cut_Stone.uasset" 396
"../../../../../Unreal Engine 4/EndlessRunner/Content/MobileStarterContent/Textures/T_Brick_Hewn_Stone_D.uasset" 397
"../../../../../Unreal Engine 4/EndlessRunner/Content/MobileStarterContent/Textures/T_Brick_Hewn_Stone_M.uasset" 398
"../../../../../Unreal Engine 4/EndlessRunner/Content/MobileStarterContent/Textures/T_Brick_Hewn_Stone_N.uasset" 399
"../../../../../Unreal Engine 4/EndlessRunner/Content/MobileStarterContent/Materials/M_Brick_Hewn_Stone.uasset" 400
"../../../../../Unreal Engine 4/EndlessRunner/Content/MobileStarterContent/Textures/T_Ceramic_Tile_M.uasset" 401
"../../../../../Unreal Engine 4/EndlessRunner/Content/MobileStarterContent/Textures/T_Ceramic_Tile_N.uasset" 402
"../../../../../Unreal Engine 4/EndlessRunner/Content/MobileStarterContent/Textures/T_Rock_Marble_Polished_D.uasset" 403
"../../../../../Unreal Engine 4/EndlessRunner/Content/MobileStarterContent/Materials/M_Ceramic_Tile_Checker.uasset" 404
"../../../../../Unreal Engine 4/EndlessRunner/Content/MobileStarterContent/Textures/T_CobbleStone_Pebble_D.uasset" 405
"../../../../../Unreal Engine 4/EndlessRunner/Content/MobileStarterContent/Textures/T_CobbleStone_Pebble_N.uasset" 406
"../../../../../Unreal Engine 4/EndlessRunner/Content/MobileStarterContent/Materials/M_CobbleStone_Pebble.uasset" 407
"../../../../../Unreal Engine 4/EndlessRunner/Content/MobileStarterContent/Textures/T_CobbleStone_Rough_D.uasset" 408
"../../../../../Unreal Engine 4/EndlessRunner/Content/MobileStarterContent/Textures/T_CobbleStone_Rough_N.uasset" 409
"../../../../../Unreal Engine 4/EndlessRunner/Content/MobileStarterContent/Materials/M_CobbleStone_Rough.uasset" 410
"../../../../../Unreal Engine 4/EndlessRunner/Content/MobileStarterContent/Textures/T_CobbleStone_Smooth_D.uasset" 411
"../../../../../Unreal Engine 4/EndlessRunner/Content/MobileStarterContent/Textures/T_CobbleStone_Smooth_M.uasset" 412
"../../../../../Unreal Engine 4/EndlessRunner/Content/MobileStarterContent/Textures/T_CobbleStone_Smooth_N.uasset" 413
"../../../../../Unreal Engine 4/EndlessRunner/Content/MobileStarterContent/Materials/M_CobbleStone_Smooth.uasset" 414
"../../../../../Unreal Engine 4/EndlessRunner/Content/MobileStarterContent/Textures/T_Concrete_Grime_D.uasset" 415
"../../../../../Unreal Engine 4/EndlessRunner/Content/MobileStarterContent/Textures/T_Metal_Rust_N.uasset" 416
"../../../../../Unreal Engine 4/EndlessRunner/Content/MobileStarterContent/Materials/M_Concrete_Grime.uasset" 417
"../../../../../Unreal Engine 4/EndlessRunner/Content/MobileStarterContent/Textures/T_Concrete_Panels_D.uasset" 418
"../../../../../Unreal Engine 4/EndlessRunner/Content/MobileStarterContent/Textures/T_Concrete_Panels_N.uasset" 419
"../../../../../Unreal Engine 4/EndlessRunner/Content/MobileStarterContent/Materials/M_Concrete_Panels.uasset" 420
"../../../../../Unreal Engine 4/EndlessRunner/Content/MobileStarterContent/Textures/T_Concrete_Poured_D.uasset" 421
"../../../../../Unreal Engine 4/EndlessRunner/Content/MobileStarterContent/Textures/T_Concrete_Poured_N.uasset" 422
"../../../../../Unreal Engine 4/EndlessRunner/Content/MobileStarterContent/Materials/M_Concrete_Poured.uasset" 423
"../../../../../Unreal Engine 4/EndlessRunner/Content/MobileStarterContent/Textures/T_Concrete_Tiles_D.uasset" 424
"../../../../../Unreal Engine 4/EndlessRunner/Content/MobileStarterContent/Textures/T_Concrete_Tiles_M.uasset" 425
"../../../../../Unreal Engine 4/EndlessRunner/Content/MobileStarterContent/Textures/T_Concrete_Tiles_N.uasset" 426
"../../../../../Unreal Engine 4/EndlessRunner/Content/MobileStarterContent/Materials/M_Concrete_Tiles.uasset" 427
"../../../../../Unreal Engine 4/EndlessRunner/Content/MobileStarterContent/Textures/T_Ground_Grass_D.uasset" 428
"../../../../../Unreal Engine 4/EndlessRunner/Content/MobileStarterContent/Textures/T_Ground_Grass_N.uasset" 429
"../../../../../Unreal Engine 4/EndlessRunner/Content/MobileStarterContent/Materials/M_Ground_Grass.uasset" 430
"../../../../../Unreal Engine 4/EndlessRunner/Content/MobileStarterContent/Textures/T_Ground_Gravel_D.uasset" 431
"../../../../../Unreal Engine 4/EndlessRunner/Content/MobileStarterContent/Textures/T_Ground_Gravel_N.uasset" 432
"../../../../../Unreal Engine 4/EndlessRunner/Content/MobileStarterContent/Materials/M_Ground_Gravel.uasset" 433
"../../../../../Unreal Engine 4/EndlessRunner/Content/MobileStarterContent/Textures/T_ground_Moss_D.uasset" 434
"../../../../../Unreal Engine 4/EndlessRunner/Content/MobileStarterContent/Textures/T_Ground_Moss_N.uasset" 435
"../../../../../Unreal Engine 4/EndlessRunner/Content/MobileStarterContent/Materials/M_Ground_Moss.uasset" 436
"../../../../../Unreal Engine 4/EndlessRunner/Content/MobileStarterContent/Textures/T_MacroVariation.uasset" 437
"../../../../../Unreal Engine 4/EndlessRunner/Content/MobileStarterContent/Materials/M_Metal_Brushed_Nickel.uasset" 438
"../../../../../Unreal Engine 4/EndlessRunner/Content/MobileStarterContent/Textures/T_Metal_Aluminum_D.uasset" 439
"../../../../../Unreal Engine 4/EndlessRunner/Content/MobileStarterContent/Textures/T_Metal_Gold_N.uasset" 440
"../../../../../Unreal Engine 4/EndlessRunner/Content/MobileStarterContent/Materials/M_Metal_Burnished_Steel.uasset" 441
"../../../../../Unreal Engine 4/EndlessRunner/Content/MobileStarterContent/Materials/M_Metal_Chrome.uasset" 442
"../../../../../Unreal Engine 4/EndlessRunner/Content/MobileStarterContent/Textures/T_Metal_Copper_D.uasset" 443
"../../../../../Unreal Engine 4/EndlessRunner/Content/MobileStarterContent/Materials/M_Metal_Copper.uasset" 444
"../../../../../Unreal Engine 4/EndlessRunner/Content/MobileStarterContent/Textures/T_Metal_Gold_D.uasset" 445
"../../../../../Unreal Engine 4/EndlessRunner/Content/MobileStarterContent/Materials/M_Metal_Gold.uasset" 446
"../../../../../Unreal Engine 4/EndlessRunner/Content/MobileStarterContent/Textures/T_Metal_Rust_D.uasset" 447
"../../../../../Unreal Engine 4/EndlessRunner/Content/MobileStarterContent/Materials/M_Metal_Rust.uasset" 448
"../../../../../Unreal Engine 4/EndlessRunner/Content/MobileStarterContent/Textures/T_Metal_Steel_D.uasset" 449
"../../../../../Unreal Engine 4/EndlessRunner/Content/MobileStarterContent/Textures/T_Metal_Steel_N.uasset" 450
"../../../../../Unreal Engine 4/EndlessRunner/Content/MobileStarterContent/Materials/M_Metal_Steel.uasset" 451
"../../../../../Unreal Engine 4/EndlessRunner/Content/MobileStarterContent/Textures/T_Rock_Basalt_N.uasset" 452
"../../../../../Unreal Engine 4/EndlessRunner/Content/MobileStarterContent/Materials/M_Rock_Basalt.uasset" 453
"../../../../../Unreal Engine 4/EndlessRunner/Content/MobileStarterContent/Materials/M_Rock_Marble_Polished.uasset" 454
"../../../../../Unreal Engine 4/EndlessRunner/Content/MobileStarterContent/Textures/T_Rock_Sandstone_D.uasset" 455
"../../../../../Unreal Engine 4/EndlessRunner/Content/MobileStarterContent/Textures/T_Rock_Sandstone_N.uasset" 456
"../../../../../Unreal Engine 4/EndlessRunner/Content/MobileStarterContent/Materials/M_Rock_Sandstone.uasset" 457
"../../../../../Unreal Engine 4/EndlessRunner/Content/MobileStarterContent/Textures/T_Rock_Slate_D.uasset" 458
"../../../../../Unreal Engine 4/EndlessRunner/Content/MobileStarterContent/Textures/T_Rock_Slate_N.uasset" 459
"../../../../../Unreal Engine 4/EndlessRunner/Content/MobileStarterContent/Materials/M_Rock_Slate.uasset" 460
"../../../../../Unreal Engine 4/EndlessRunner/Content/MobileStarterContent/Textures/T_Checker_Noise_M.uasset" 461
"../../../../../Unreal Engine 4/EndlessRunner/Content/MobileStarterContent/Textures/T_Single_Tile_N.uasset" 462
"../../../../../Unreal Engine 4/EndlessRunner/Content/MobileStarterContent/Textures/T_Tech_Dot_M.uasset" 463
"../../../../../Unreal Engine 4/EndlessRunner/Content/MobileStarterContent/Textures/T_Tech_Dot_N.uasset" 464
"../../../../../Unreal Engine 4/EndlessRunner/Content/MobileStarterContent/Materials/M_Tech_Checker_Dot.uasset" 465
"../../../../../Unreal Engine 4/EndlessRunner/Content/MobileStarterContent/Textures/T_Tech_Hex_Tile_M.uasset" 466
"../../../../../Unreal Engine 4/EndlessRunner/Content/MobileStarterContent/Textures/T_Tech_Hex_Tile_N.uasset" 467
"../../../../../Unreal Engine 4/EndlessRunner/Content/MobileStarterContent/Materials/M_Tech_Hex_Tile.uasset" 468
"../../../../../Unreal Engine 4/EndlessRunner/Content/MobileStarterContent/Materials/M_Tech_Hex_Tile_Pulse.uasset" 469
"../../../../../Unreal Engine 4/EndlessRunner/Content/MobileStarterContent/Textures/T_Tech_Panel_M.uasset" 470
"../../../../../Unreal Engine 4/EndlessRunner/Content/MobileStarterContent/Textures/T_Tech_Panel_N.uasset" 471
"../../../../../Unreal Engine 4/EndlessRunner/Content/MobileStarterContent/Materials/M_Tech_Panel.uasset" 472
"../../../../../Unreal Engine 4/EndlessRunner/Content/MobileStarterContent/Textures/T_Water_N.uasset" 473
"../../../../../Unreal Engine 4/EndlessRunner/Content/MobileStarterContent/Materials/M_Water_Lake.uasset" 474
"../../../Engine/Content/Functions/Engine_MaterialFunctions02/Utility/BlendAngleCorrectedNormals.uasset" 475
"../../../../../Unreal Engine 4/EndlessRunner/Content/MobileStarterContent/Textures/T_Water_M.uasset" 476
"../../../../../Unreal Engine 4/EndlessRunner/Content/MobileStarterContent/Materials/M_Water_Ocean.uasset" 477
"../../../../../Unreal Engine 4/EndlessRunner/Content/MobileStarterContent/Textures/T_Wood_Floor_Walnut_D.uasset" 478
"../../../../../Unreal Engine 4/EndlessRunner/Content/MobileStarterContent/Textures/T_Wood_Floor_Walnut_M.uasset" 479
"../../../../../Unreal Engine 4/EndlessRunner/Content/MobileStarterContent/Textures/T_Wood_Floor_Walnut_N.uasset" 480
"../../../../../Unreal Engine 4/EndlessRunner/Content/MobileStarterContent/Materials/M_Wood_Floor_Walnut_Polished.uasset" 481
"../../../../../Unreal Engine 4/EndlessRunner/Content/MobileStarterContent/Materials/M_Wood_Floor_Walnut_Worn.uasset" 482
"../../../../../Unreal Engine 4/EndlessRunner/Content/MobileStarterContent/Textures/T_Wood_Oak_D.uasset" 483
"../../../../../Unreal Engine 4/EndlessRunner/Content/MobileStarterContent/Textures/T_Wood_Oak_N.uasset" 484
"../../../../../Unreal Engine 4/EndlessRunner/Content/MobileStarterContent/Materials/M_Wood_Oak.uasset" 485
"../../../../../Unreal Engine 4/EndlessRunner/Content/MobileStarterContent/Textures/T_Wood_Pine_D.uasset" 486
"../../../../../Unreal Engine 4/EndlessRunner/Content/MobileStarterContent/Textures/T_Wood_Pine_N.uasset" 487
"../../../../../Unreal Engine 4/EndlessRunner/Content/MobileStarterContent/Materials/M_Wood_Pine.uasset" 488
"../../../../../Unreal Engine 4/EndlessRunner/Content/MobileStarterContent/Textures/T_Wood_Walnut_D.uasset" 489
"../../../../../Unreal Engine 4/EndlessRunner/Content/MobileStarterContent/Textures/T_Wood_Walnut_N.uasset" 490
"../../../../../Unreal Engine 4/EndlessRunner/Content/MobileStarterContent/Materials/M_Wood_Walnut.uasset" 491
"../../../../../Unreal Engine 4/EndlessRunner/Content/MobileStarterContent/Architecture/Wall_400x200.uasset" 492
"../../../../../Unreal Engine 4/EndlessRunner/Content/MobileStarterContent/Architecture/Wall_Door_400x300.uasset" 493
"../../../../../Unreal Engine 4/EndlessRunner/Content/MobileStarterContent/Architecture/Wall_Window_400x300.uasset" 494
"../../../../../Unreal Engine 4/EndlessRunner/Content/MobileStarterContent/Audio/Collapse01.uasset" 495
"../../../../../Unreal Engine 4/EndlessRunner/Content/MobileStarterContent/Audio/Collapse02.uasset" 496
"../../../../../Unreal Engine 4/EndlessRunner/Content/MobileStarterContent/Audio/Collapse_Cue.uasset" 497
"../../../../../Unreal Engine 4/EndlessRunner/Content/MobileStarterContent/Audio/Starter_Birds01.uasset" 498
"../../../../../Unreal Engine 4/EndlessRunner/Content/MobileStarterContent/Audio/Starter_Wind05.uasset" 499
"../../../../../Unreal Engine 4/EndlessRunner/Content/MobileStarterContent/Audio/Starter_Wind06.uasset" 500
"../../../../../Unreal Engine 4/EndlessRunner/Content/MobileStarterContent/Audio/Starter_Background_Cue.uasset" 501
"../../../../../Unreal Engine 4/EndlessRunner/Content/MobileStarterContent/Audio/Starter_Music01.uasset" 502
"../../../../../Unreal Engine 4/EndlessRunner/Content/MobileStarterContent/Audio/Starter_Music_Cue.uasset" 503
"../../../../../Unreal Engine 4/EndlessRunner/Content/MobileStarterContent/Textures/T_Dust_Particle_D.uasset" 504
"../../../../../Unreal Engine 4/EndlessRunner/Content/MobileStarterContent/Particles/Materials/M_Dust_Particle.uasset" 505
"../../../../../Unreal Engine 4/EndlessRunner/Content/MobileStarterContent/Particles/P_Ambient_Dust.uasset" 506
"../../../../../Unreal Engine 4/EndlessRunner/Content/MobileStarterContent/Props/MaterialSphere.uasset" 507
"../../../../../Unreal Engine 4/EndlessRunner/Content/MobileStarterContent/Textures/T_Frame_M.uasset" 508
"../../../../../Unreal Engine 4/EndlessRunner/Content/MobileStarterContent/Textures/T_Frame_N.uasset" 509
"../../../../../Unreal Engine 4/EndlessRunner/Content/MobileStarterContent/Props/Materials/M_Frame.uasset" 510
"../../../../../Unreal Engine 4/EndlessRunner/Content/MobileStarterContent/Props/SM_CornerFrame.uasset" 511
"../../../../../Unreal Engine 4/EndlessRunner/Content/MobileStarterContent/Props/SM_DoorFrame.uasset" 512
"../../../../../Unreal Engine 4/EndlessRunner/Content/MobileStarterContent/Materials/M_Glass.uasset" 513
"../../../../../Unreal Engine 4/EndlessRunner/Content/MobileStarterContent/Props/SM_GlassWindow.uasset" 514
"../../../../../Unreal Engine 4/EndlessRunner/Content/MobileStarterContent/Props/SM_PillarFrame.uasset" 515
"../../../../../Unreal Engine 4/EndlessRunner/Content/MobileStarterContent/Props/SM_PillarFrame300.uasset" 516
"../../../../../Unreal Engine 4/EndlessRunner/Content/MobileStarterContent/Props/SM_WindowFrame.uasset" 517
"../../../../../Unreal Engine 4/EndlessRunner/Content/MobileStarterContent/Shapes/Shape_Cube.uasset" 518
"../../../../../Unreal Engine 4/EndlessRunner/Content/MobileStarterContent/Shapes/Shape_QuadPyramid.uasset" 519
"../../../../../Unreal Engine 4/EndlessRunner/Content/MobileStarterContent/Shapes/Shape_Sphere.uasset" 520
"../../../../../Unreal Engine 4/EndlessRunner/Content/MobileStarterContent/Maps/StarterMap.umap" 521
"../../../../../Unreal Engine 4/EndlessRunner/Content/Mannequin/Animations/ThirdPersonJump_End.uasset" 522
"../../../../../Unreal Engine 4/EndlessRunner/Content/Mannequin/Animations/ThirdPersonJump_Loop.uasset" 523
"../../../../../Unreal Engine 4/EndlessRunner/Content/Mannequin/Animations/ThirdPersonJump_Start.uasset" 524
"../../../../../Unreal Engine 4/EndlessRunner/Content/Mannequin/Animations/ThirdPersonIdle.uasset" 525
"../../../../../Unreal Engine 4/EndlessRunner/Content/Mannequin/Animations/ThirdPersonRun.uasset" 526
"../../../../../Unreal Engine 4/EndlessRunner/Content/Mannequin/Animations/ThirdPersonWalk.uasset" 527
"../../../../../Unreal Engine 4/EndlessRunner/Content/Mannequin/Animations/ThirdPerson_IdleRun_2D.uasset" 528
"../../../../../Unreal Engine 4/EndlessRunner/Content/Mannequin/Animations/ThirdPerson_AnimBP.uasset" 529
"../../../../../Unreal Engine 4/EndlessRunner/Content/Blueprints/EndlessSaveGame.uasset" 530
"../../../../../Unreal Engine 4/EndlessRunner/Content/MeshesandTextures/coin.uasset" 531
"../../../../../Unreal Engine 4/EndlessRunner/Content/MeshesandTextures/coin_Mat.uasset" 532
"../../../Engine/Content/BasicShapes/Sphere.uasset" 533
"../../../../../Unreal Engine 4/EndlessRunner/Content/Blueprints/Coin.uasset" 534
"../../../Engine/Content/MapTemplates/Materials/BasicAsset01.uasset" 535
"../../../../../Unreal Engine 4/EndlessRunner/Content/Blueprints/JumpBoots.uasset" 536
"../../../Engine/Content/MapTemplates/Materials/BasicAsset03.uasset" 537
"../../../Engine/Content/BasicShapes/Cone.uasset" 538
"../../../../../Unreal Engine 4/EndlessRunner/Content/Blueprints/Magnet.uasset" 539
"../../../../../Unreal Engine 4/EndlessRunner/Content/MeshesandTextures/wrap.uasset" 540
"../../../../../Unreal Engine 4/EndlessRunner/Content/MeshesandTextures/wrap_Mat.uasset" 541
"../../../Engine/Content/BasicShapes/Cube.uasset" 542
"../../../../../Unreal Engine 4/EndlessRunner/Content/Blueprints/Obstacles_Box.uasset" 543
"../../../../../Unreal Engine 4/EndlessRunner/Content/M_Orzelek_Assets/Materials/Free/Glass/M_GlassShattered_1.uasset" 544
"../../../../../Unreal Engine 4/EndlessRunner/Content/MobileStarterContent/Textures/T_Door_M.uasset" 545
"../../../../../Unreal Engine 4/EndlessRunner/Content/MobileStarterContent/Textures/T_Door_N.uasset" 546
"../../../../../Unreal Engine 4/EndlessRunner/Content/MobileStarterContent/Props/Materials/M_Door.uasset" 547
"../../../../../Unreal Engine 4/EndlessRunner/Content/MobileStarterContent/Props/SM_Door.uasset" 548
"../../../../../Unreal Engine 4/EndlessRunner/Content/Blueprints/MasterTile.uasset" 549
"../../../../../Unreal Engine 4/EndlessRunner/Content/MeshesandTextures/updatedtileground.uasset" 550
"../../../../../Unreal Engine 4/EndlessRunner/Content/MeshesandTextures/updatedtileground_Mat.uasset" 551
"../../../../../Unreal Engine 4/EndlessRunner/Content/Blueprints/Tile_First.uasset" 552
"../../../../../Unreal Engine 4/EndlessRunner/Content/ThirdPersonBP/Blueprints/ThirdPersonGameMode.uasset" 553
"../../../Engine/Content/EngineFonts/Faces/RobotoTiny.uasset" 554
"../../../Engine/Content/EngineFonts/RobotoTiny.uasset" 555
"../../../../../Unreal Engine 4/EndlessRunner/Content/Blueprints/Achievements.uasset" 556
"../../../../../Unreal Engine 4/EndlessRunner/Content/Blueprints/MainMenu.uasset" 557
"../../../../../Unreal Engine 4/EndlessRunner/Content/Blueprints/Shop.uasset" 558
"../../../../../Unreal Engine 4/EndlessRunner/Content/Blueprints/GameOver.uasset" 559
"../../../../../Unreal Engine 4/EndlessRunner/Content/Blueprints/Pause.uasset" 560
"../../../../../Unreal Engine 4/EndlessRunner/Content/Blueprints/HUD.uasset" 561
"../../../Engine/Content/Functions/MaterialLayerFunctions/MatLayerBlend_NormalBlend.uasset" 562
"../../../Engine/Content/Functions/MaterialLayerFunctions/MatLayerBlend_Simple.uasset" 563
"../../../../../Unreal Engine 4/EndlessRunner/Content/Mannequin/Character/Materials/MaterialLayers/T_ML_Rubber_Blue_01_D.uasset" 564
"../../../../../Unreal Engine 4/EndlessRunner/Content/Mannequin/Character/Materials/MaterialLayers/T_ML_Rubber_Blue_01_N.uasset" 565
"../../../../../Unreal Engine 4/EndlessRunner/Content/Mannequin/Character/Materials/MaterialLayers/ML_GlossyBlack_Latex_UE4.uasset" 566
"../../../../../Unreal Engine 4/EndlessRunner/Content/Mannequin/Character/Materials/MaterialLayers/ML_Plastic_Shiny_Beige.uasset" 567
"../../../../../Unreal Engine 4/EndlessRunner/Content/Mannequin/Character/Textures/UE4_LOGO_CARD.uasset" 568
"../../../../../Unreal Engine 4/EndlessRunner/Content/Mannequin/Character/Materials/MaterialLayers/ML_Plastic_Shiny_Beige_LOGO.uasset" 569
"../../../../../Unreal Engine 4/EndlessRunner/Content/Mannequin/Character/Materials/MaterialLayers/T_ML_Aluminum01.uasset" 570
"../../../../../Unreal Engine 4/EndlessRunner/Content/Mannequin/Character/Materials/MaterialLayers/T_ML_Aluminum01_N.uasset" 571
"../../../../../Unreal Engine 4/EndlessRunner/Content/Mannequin/Character/Materials/MaterialLayers/ML_SoftMetal_UE4.uasset" 572
"../../../../../Unreal Engine 4/EndlessRunner/Content/Mannequin/Character/Textures/T_UE4_Mannequin_Mobile_M.uasset" 573
"../../../../../Unreal Engine 4/EndlessRunner/Content/Mannequin/Character/Textures/T_UE4_Mannequin_Mobile_N.uasset" 574
"../../../../../Unreal Engine 4/EndlessRunner/Content/Mannequin/Character/Materials/M_UE4Man_Body.uasset" 575
"../../../../../Unreal Engine 4/EndlessRunner/Content/Mannequin/Character/Textures/UE4Man_Logo_N.uasset" 576
"../../../../../Unreal Engine 4/EndlessRunner/Content/Mannequin/Character/Materials/M_UE4Man_ChestLogo.uasset" 577
"../../../../../Unreal Engine 4/EndlessRunner/Content/Mannequin/Character/Mesh/SK_Mannequin_Physics.uasset" 578
"../../../../../Unreal Engine 4/EndlessRunner/Content/Mannequin/Character/Mesh/SK_Mannequin.uasset" 579
"../../../../../Unreal Engine 4/EndlessRunner/Content/ThirdPersonBP/Blueprints/ThirdPersonCharacter.uasset" 580
"../../../../../Unreal Engine 4/EndlessRunner/Content/ThirdPersonBP/Maps/ThirdPersonExampleMap_BuiltData.uasset" 581
"../../../../../Unreal Engine 4/EndlessRunner/Content/Geometry/Meshes/CubeMaterial.uasset" 582
"../../../../../Unreal Engine 4/EndlessRunner/Content/Geometry/Meshes/1M_Cube.uasset" 583
"../../../../../Unreal Engine 4/EndlessRunner/Content/Geometry/Meshes/1M_Cube_Chamfer.uasset" 584
"../../../../../Unreal Engine 4/EndlessRunner/Content/Geometry/Meshes/TemplateFloor.uasset" 585
"../../../../../Unreal Engine 4/EndlessRunner/Content/ThirdPerson/Meshes/RampMaterial.uasset" 586
"../../../../../Unreal Engine 4/EndlessRunner/Content/ThirdPerson/Meshes/Bump_StaticMesh.uasset" 587
"../../../../../Unreal Engine 4/EndlessRunner/Content/ThirdPerson/Meshes/LeftArm_StaticMesh.uasset" 588
"../../../../../Unreal Engine 4/EndlessRunner/Content/ThirdPerson/Meshes/Linear_Stair_StaticMesh.uasset" 589
"../../../../../Unreal Engine 4/EndlessRunner/Content/ThirdPerson/Meshes/Ramp_StaticMesh.uasset" 590
"../../../../../Unreal Engine 4/EndlessRunner/Content/ThirdPerson/Meshes/RightArm_StaticMesh.uasset" 591
"../../../../../Unreal Engine 4/EndlessRunner/Content/ThirdPersonBP/Maps/ThirdPersonExampleMap.umap" 592
"../../../Engine/Content/Maps/Entry.umap" 593
